<?xml version="1.0" encoding="UTF-8"?>
<testng-results ignored="0" total="2" passed="2" failed="0" skipped="0">
  <reporter-output>
  </reporter-output>
  <suite started-at="2026-02-18T16:08:11 GST" name="Default suite" finished-at="2026-02-18T16:09:38 GST" duration-ms="86631">
    <groups>
    </groups>
    <test started-at="2026-02-18T16:08:11 GST" name="Default test" finished-at="2026-02-18T16:09:38 GST" duration-ms="86631">
      <class name="vasudevan.Tests.EdgeElegance">
        <test-method signature="submitOrder(java.util.HashMap)[pri:0, instance:vasudevan.Tests.EdgeElegance@2925bf5b]" started-at="2026-02-18T16:08:12 GST" name="submitOrder" data-provider="userData" finished-at="2026-02-18T16:08:55 GST" duration-ms="43378" status="PASS">
          <params>
            <param index="0">
              <value>
                <![CDATA[{password=Vasu@123, product=Pink Sequinned Ready to Wear Lehenga Blouse With Dupatta Potli Bag, email=amansignh99@gmail.com}]]>
              </value>
            </param>
          </params>
          <reporter-output>
          </reporter-output>
        </test-method> <!-- submitOrder -->
        <test-method signature="submitOrder(java.util.HashMap)[pri:0, instance:vasudevan.Tests.EdgeElegance@2925bf5b]" started-at="2026-02-18T16:08:55 GST" name="submitOrder" data-provider="userData" finished-at="2026-02-18T16:09:38 GST" duration-ms="42925" status="PASS">
          <params>
            <param index="0">
              <value>
                <![CDATA[{password=Vasu@123, product=Semi-Stitched Lehenga & Unstitched Blouse With Dupatta, email=demoecom123456@gmail.com}]]>
              </value>
            </param>
          </params>
          <reporter-output>
          </reporter-output>
        </test-method> <!-- submitOrder -->
        <test-method is-config="true" signature="closeApp()[pri:0, instance:vasudevan.Tests.EdgeElegance@2925bf5b]" started-at="2026-02-18T16:09:38 GST" name="closeApp" finished-at="2026-02-18T16:09:38 GST" duration-ms="105" status="PASS">
          <reporter-output>
          </reporter-output>
        </test-method> <!-- closeApp -->
      </class> <!-- vasudevan.Tests.EdgeElegance -->
    </test> <!-- Default test -->
  </suite> <!-- Default suite -->
</testng-results>
