<?xml version="1.0" encoding="UTF-8"?>
<testng-results ignored="0" total="1" passed="1" failed="0" skipped="0">
  <reporter-output>
  </reporter-output>
  <suite started-at="2026-02-07T15:02:22 GST" name="Default suite" finished-at="2026-02-07T15:03:05 GST" duration-ms="43532">
    <groups>
    </groups>
    <test started-at="2026-02-07T15:02:22 GST" name="Default test" finished-at="2026-02-07T15:03:05 GST" duration-ms="43532">
      <class name="vasudevan.Tests.EdgeElegance">
        <test-method signature="submitOrder()[pri:0, instance:vasudevan.Tests.EdgeElegance@3857f613]" started-at="2026-02-07T15:02:22 GST" name="submitOrder" finished-at="2026-02-07T15:03:05 GST" duration-ms="43397" status="PASS">
          <reporter-output>
          </reporter-output>
        </test-method> <!-- submitOrder -->
        <test-method is-config="true" signature="closeApp()[pri:0, instance:vasudevan.Tests.EdgeElegance@3857f613]" started-at="2026-02-07T15:03:05 GST" name="closeApp" finished-at="2026-02-07T15:03:05 GST" duration-ms="109" status="PASS">
          <reporter-output>
          </reporter-output>
        </test-method> <!-- closeApp -->
      </class> <!-- vasudevan.Tests.EdgeElegance -->
    </test> <!-- Default test -->
  </suite> <!-- Default suite -->
</testng-results>
